<?xml version="1.0" encoding="UTF-8"?>
<testsuites name="jest tests" tests="12" failures="0" errors="0" time="3.77">
  <testsuite name="TodoUpdate" errors="0" failures="0" skipped="4" timestamp="2025-08-29T19:22:50" time="1.544" tests="4">
    <testcase classname="TodoUpdate shows correct initial values for id=1, including activity type and completed checkbox" name="TodoUpdate shows correct initial values for id=1, including activity type and completed checkbox" time="0">
      <skipped/>
    </testcase>
    <testcase classname="TodoUpdate hides completed checkbox when activity type is switched to &apos;regular&apos;" name="TodoUpdate hides completed checkbox when activity type is switched to &apos;regular&apos;" time="0">
      <skipped/>
    </testcase>
    <testcase classname="TodoUpdate allows changing title and activity type, submits update and sends correct payload" name="TodoUpdate allows changing title and activity type, submits update and sends correct payload" time="0">
      <skipped/>
    </testcase>
    <testcase classname="TodoUpdate shows error message if update fails" name="TodoUpdate shows error message if update fails" time="0">
      <skipped/>
    </testcase>
  </testsuite>
  <testsuite name="TodoForm" errors="0" failures="0" skipped="3" timestamp="2025-08-29T19:22:50" time="1.681" tests="6">
    <testcase classname="TodoForm handles tag input correctly" name="TodoForm handles tag input correctly" time="0">
      <skipped/>
    </testcase>
    <testcase classname="TodoForm uses existing tag suggestions correctly" name="TodoForm uses existing tag suggestions correctly" time="0">
      <skipped/>
    </testcase>
    <testcase classname="TodoForm renders the Create Todo form" name="TodoForm renders the Create Todo form" time="0.085">
    </testcase>
    <testcase classname="TodoForm shows pending approval message if user.status is PENDING" name="TodoForm shows pending approval message if user.status is PENDING" time="0.007">
    </testcase>
    <testcase classname="TodoForm calls navigate(&apos;/&apos;) when Back button is clicked" name="TodoForm calls navigate(&apos;/&apos;) when Back button is clicked" time="0.014">
    </testcase>
    <testcase classname="TodoForm submits form, calls axios.post and navigates to /" name="TodoForm submits form, calls axios.post and navigates to /" time="0">
      <skipped/>
    </testcase>
  </testsuite>
  <testsuite name="TodoList" errors="0" failures="0" skipped="1" timestamp="2025-08-29T19:22:50" time="1.696" tests="2">
    <testcase classname="TodoList renders pagination controls when there are multiple pages" name="TodoList renders pagination controls when there are multiple pages" time="0">
      <skipped/>
    </testcase>
    <testcase classname="TodoList updates pagination when next button is clicked" name="TodoList updates pagination when next button is clicked" time="0.165">
    </testcase>
  </testsuite>
</testsuites>