<?xml version="1.0" encoding="UTF-8"?>
<testsuites name="jest tests" tests="4" failures="0" errors="0" time="6.157">
  <testsuite name="TodoList" errors="0" failures="0" skipped="0" timestamp="2025-08-19T05:05:56" time="3.754" tests="4">
    <testcase classname="TodoList renders the Todo List table and todos" name="TodoList renders the Todo List table and todos" time="0.51">
    </testcase>
    <testcase classname="TodoList shows Create New Todo button when user exists" name="TodoList shows Create New Todo button when user exists" time="0.028">
    </testcase>
    <testcase classname="TodoList shows pending approval message for PENDING user" name="TodoList shows pending approval message for PENDING user" time="0.022">
    </testcase>
    <testcase classname="TodoList renders empty table if no todos" name="TodoList renders empty table if no todos" time="0.019">
    </testcase>
  </testsuite>
</testsuites>