<?xml version="1.0" encoding="UTF-8"?>
<testsuites name="jest tests" tests="22" failures="0" errors="0" time="5.194">
  <testsuite name="TodoForm" errors="0" failures="0" skipped="4" timestamp="2025-08-13T10:50:27" time="1.754" tests="4">
    <testcase classname="TodoForm renders the Create Todo form" name="TodoForm renders the Create Todo form" time="0">
      <skipped/>
    </testcase>
    <testcase classname="TodoForm shows pending approval message if user.status is PENDING" name="TodoForm shows pending approval message if user.status is PENDING" time="0">
      <skipped/>
    </testcase>
    <testcase classname="TodoForm calls navigate(&apos;/&apos;) when Back button is clicked" name="TodoForm calls navigate(&apos;/&apos;) when Back button is clicked" time="0">
      <skipped/>
    </testcase>
    <testcase classname="TodoForm submits form, calls axios.post and navigates to /" name="TodoForm submits form, calls axios.post and navigates to /" time="0">
      <skipped/>
    </testcase>
  </testsuite>
  <testsuite name="AdminPanel" errors="0" failures="0" skipped="1" timestamp="2025-08-13T10:50:28" time="1.864" tests="4">
    <testcase classname="AdminPanel renders and shows no users pending approval" name="AdminPanel renders and shows no users pending approval" time="0.065">
    </testcase>
    <testcase classname="AdminPanel renders a list of pending users with approve buttons" name="AdminPanel renders a list of pending users with approve buttons" time="0.03">
    </testcase>
    <testcase classname="AdminPanel shows loading while fetching" name="AdminPanel shows loading while fetching" time="0.022">
    </testcase>
    <testcase classname="AdminPanel approves user and removes from list" name="AdminPanel approves user and removes from list" time="0">
      <skipped/>
    </testcase>
  </testsuite>
  <testsuite name="TodoList" errors="0" failures="0" skipped="2" timestamp="2025-08-13T10:50:27" time="1.917" tests="4">
    <testcase classname="TodoList renders the Todo List table and todos" name="TodoList renders the Todo List table and todos" time="0">
      <skipped/>
    </testcase>
    <testcase classname="TodoList shows Create New Todo button when user exists" name="TodoList shows Create New Todo button when user exists" time="0.118">
    </testcase>
    <testcase classname="TodoList shows pending approval message for PENDING user" name="TodoList shows pending approval message for PENDING user" time="0.02">
    </testcase>
    <testcase classname="TodoList renders empty table if no todos" name="TodoList renders empty table if no todos" time="0">
      <skipped/>
    </testcase>
  </testsuite>
  <testsuite name="ForgotPassword" errors="0" failures="0" skipped="0" timestamp="2025-08-13T10:50:27" time="1.998" tests="7">
    <testcase classname="ForgotPassword renders form fields and back button" name="ForgotPassword renders form fields and back button" time="0.094">
    </testcase>
    <testcase classname="ForgotPassword shows error when required fields missing" name="ForgotPassword shows error when required fields missing" time="0.02">
    </testcase>
    <testcase classname="ForgotPassword shows error if passwords do not match" name="ForgotPassword shows error if passwords do not match" time="0.025">
    </testcase>
    <testcase classname="ForgotPassword shows message after successful password reset and calls switchToLogin after delay" name="ForgotPassword shows message after successful password reset and calls switchToLogin after delay" time="0.047">
    </testcase>
    <testcase classname="ForgotPassword shows error if server returns !ok" name="ForgotPassword shows error if server returns !ok" time="0.04">
    </testcase>
    <testcase classname="ForgotPassword shows error on network/server failure" name="ForgotPassword shows error on network/server failure" time="0.016">
    </testcase>
    <testcase classname="ForgotPassword calls switchToLogin when Back to Login clicked" name="ForgotPassword calls switchToLogin when Back to Login clicked" time="0.007">
    </testcase>
  </testsuite>
  <testsuite name="Login Component" errors="0" failures="0" skipped="0" timestamp="2025-08-13T10:50:28" time="2.013" tests="3">
    <testcase classname="Login Component renders username and password inputs and login button" name="Login Component renders username and password inputs and login button" time="0.154">
    </testcase>
    <testcase classname="Login Component calls onLogin with a token when valid credentials are entered" name="Login Component calls onLogin with a token when valid credentials are entered" time="0.062">
    </testcase>
    <testcase classname="Login Component shows error with invalid credentials" name="Login Component shows error with invalid credentials" time="0.052">
    </testcase>
  </testsuite>
</testsuites>