<?xml version="1.0" encoding="UTF-8"?>
<testsuites name="jest tests" tests="4" failures="1" errors="0" time="15.399">
  <testsuite name="TodoForm" errors="0" failures="1" skipped="3" timestamp="2025-08-14T09:48:32" time="13.589" tests="4">
    <testcase classname="TodoForm renders the Create Todo form" name="TodoForm renders the Create Todo form" time="0">
      <skipped/>
    </testcase>
    <testcase classname="TodoForm shows pending approval message if user.status is PENDING" name="TodoForm shows pending approval message if user.status is PENDING" time="0">
      <skipped/>
    </testcase>
    <testcase classname="TodoForm calls navigate(&apos;/&apos;) when Back button is clicked" name="TodoForm calls navigate(&apos;/&apos;) when Back button is clicked" time="0">
      <skipped/>
    </testcase>
    <testcase classname="TodoForm submits form, calls axios.post and navigates to /" name="TodoForm submits form, calls axios.post and navigates to /" time="1.167">
      <failure>TypeError: Cannot read properties of undefined (reading &apos;then&apos;)
    at handleSubmit (C:\Learning\System Design\todo-solution\todo-frontend\src\components\TodoForm.js:45:8)
    at executeDispatch (C:\Learning\System Design\todo-solution\todo-frontend\node_modules\react-dom\cjs\react-dom-client.development.js:16368:9)
    at runWithFiberInDEV (C:\Learning\System Design\todo-solution\todo-frontend\node_modules\react-dom\cjs\react-dom-client.development.js:1522:13)
    at processDispatchQueue (C:\Learning\System Design\todo-solution\todo-frontend\node_modules\react-dom\cjs\react-dom-client.development.js:16418:19)
    at C:\Learning\System Design\todo-solution\todo-frontend\node_modules\react-dom\cjs\react-dom-client.development.js:17016:9
    at batchedUpdates$1 (C:\Learning\System Design\todo-solution\todo-frontend\node_modules\react-dom\cjs\react-dom-client.development.js:3262:40)
    at dispatchEventForPluginEventSystem (C:\Learning\System Design\todo-solution\todo-frontend\node_modules\react-dom\cjs\react-dom-client.development.js:16572:7)
    at dispatchEvent (C:\Learning\System Design\todo-solution\todo-frontend\node_modules\react-dom\cjs\react-dom-client.development.js:20658:11)
    at dispatchDiscreteEvent (C:\Learning\System Design\todo-solution\todo-frontend\node_modules\react-dom\cjs\react-dom-client.development.js:20626:11)
    at HTMLDivElement.callTheUserObjectsOperation (C:\Learning\System Design\todo-solution\todo-frontend\node_modules\jsdom\lib\jsdom\living\generated\EventListener.js:26:30)
    at innerInvokeEventListeners (C:\Learning\System Design\todo-solution\todo-frontend\node_modules\jsdom\lib\jsdom\living\events\EventTarget-impl.js:338:25)
    at invokeEventListeners (C:\Learning\System Design\todo-solution\todo-frontend\node_modules\jsdom\lib\jsdom\living\events\EventTarget-impl.js:274:3)
    at HTMLFormElementImpl._dispatch (C:\Learning\System Design\todo-solution\todo-frontend\node_modules\jsdom\lib\jsdom\living\events\EventTarget-impl.js:221:9)
    at fireAnEvent (C:\Learning\System Design\todo-solution\todo-frontend\node_modules\jsdom\lib\jsdom\living\helpers\events.js:18:36)
    at HTMLFormElementImpl.submit (C:\Learning\System Design\todo-solution\todo-frontend\node_modules\jsdom\lib\jsdom\living\nodes\HTMLFormElement-impl.js:84:10)
    at HTMLFormElementImpl._doSubmit (C:\Learning\System Design\todo-solution\todo-frontend\node_modules\jsdom\lib\jsdom\living\nodes\HTMLFormElement-impl.js:80:10)
    at HTMLButtonElementImpl._activationBehavior (C:\Learning\System Design\todo-solution\todo-frontend\node_modules\jsdom\lib\jsdom\living\nodes\HTMLButtonElement-impl.js:23:14)
    at HTMLButtonElementImpl._dispatch (C:\Learning\System Design\todo-solution\todo-frontend\node_modules\jsdom\lib\jsdom\living\events\EventTarget-impl.js:240:26)
    at HTMLButtonElementImpl.dispatchEvent (C:\Learning\System Design\todo-solution\todo-frontend\node_modules\jsdom\lib\jsdom\living\events\EventTarget-impl.js:94:17)
    at HTMLButtonElement.dispatchEvent (C:\Learning\System Design\todo-solution\todo-frontend\node_modules\jsdom\lib\jsdom\living\generated\EventTarget.js:231:34)
    at C:\Learning\System Design\todo-solution\todo-frontend\node_modules\@testing-library\dom\dist\events.js:19:20
    at C:\Learning\System Design\todo-solution\todo-frontend\node_modules\@testing-library\react\dist\pure.js:108:16
    at C:\Learning\System Design\todo-solution\todo-frontend\node_modules\@testing-library\react\dist\act-compat.js:48:24
    at Object.&lt;anonymous&gt;.process.env.NODE_ENV.exports.act (C:\Learning\System Design\todo-solution\todo-frontend\node_modules\react\cjs\react.development.js:790:22)
    at C:\Learning\System Design\todo-solution\todo-frontend\node_modules\@testing-library\react\dist\act-compat.js:47:25
    at Object.eventWrapper (C:\Learning\System Design\todo-solution\todo-frontend\node_modules\@testing-library\react\dist\pure.js:107:28)
    at fireEvent (C:\Learning\System Design\todo-solution\todo-frontend\node_modules\@testing-library\dom\dist\events.js:12:35)
    at Function.fireEvent.&lt;computed&gt; [as click] (C:\Learning\System Design\todo-solution\todo-frontend\node_modules\@testing-library\dom\dist\events.js:110:36)
    at Function.click (C:\Learning\System Design\todo-solution\todo-frontend\node_modules\@testing-library\react\dist\fire-event.js:15:52)
    at C:\Learning\System Design\todo-solution\todo-frontend\src\test\TodoForm.test.js:78:15
    at Generator.&lt;anonymous&gt; (C:\Learning\System Design\todo-solution\todo-frontend\node_modules\@babel\runtime\helpers\regenerator.js:52:51)
    at Generator.next (C:\Learning\System Design\todo-solution\todo-frontend\node_modules\@babel\runtime\helpers\regeneratorDefine.js:11:21)
    at asyncGeneratorStep (C:\Learning\System Design\todo-solution\todo-frontend\node_modules\@babel\runtime\helpers\asyncToGenerator.js:3:17)
    at _next (C:\Learning\System Design\todo-solution\todo-frontend\node_modules\@babel\runtime\helpers\asyncToGenerator.js:17:9)</failure>
      <failure>Error: expect(jest.fn()).toHaveBeenCalledWith(...expected)

Expected: &quot;/&quot;

Number of calls: 0

Ignored nodes: comments, script, style
&lt;html&gt;
  &lt;head /&gt;
  &lt;body&gt;
    &lt;div&gt;
      &lt;div
        class=&quot;container mt-5&quot;
      &gt;
        &lt;div
          class=&quot;card shadow-sm p-4&quot;
        &gt;
          &lt;h2
            class=&quot;mb-4 text-primary&quot;
          &gt;
            Create Todo
          &lt;/h2&gt;
          &lt;form&gt;
            &lt;div
              class=&quot;mb-3&quot;
            &gt;
              &lt;label
                class=&quot;form-label&quot;
              &gt;
                Title:
                &lt;input
                  class=&quot;form-control&quot;
                  placeholder=&quot;Enter todo title&quot;
                  required=&quot;&quot;
                  type=&quot;text&quot;
                  value=&quot;Test Todo&quot;
                /&gt;
              &lt;/label&gt;
            &lt;/div&gt;
            &lt;div
              class=&quot;mb-3&quot;
            &gt;
              &lt;label
                class=&quot;form-label&quot;
              &gt;
                Activity Type:
                &lt;select
                  class=&quot;form-select&quot;
                &gt;
                  &lt;option
                    value=&quot;definite&quot;
                  &gt;
                    Definite End
                  &lt;/option&gt;
                  &lt;option
                    value=&quot;regular&quot;
                  &gt;
                    Regular Activity
                  &lt;/option&gt;
                &lt;/select&gt;
              &lt;/label&gt;
            &lt;/div&gt;
            &lt;div
              class=&quot;mb-3 form-check&quot;
            &gt;
              &lt;input
                class=&quot;form-check-input&quot;
                id=&quot;completedInput&quot;
                type=&quot;checkbox&quot;
              /&gt;
              &lt;label
                class=&quot;form-check-label&quot;
                for=&quot;completedInput&quot;
              &gt;
                Completed
              &lt;/label&gt;
            &lt;/div&gt;
            &lt;div
              class=&quot;mb-3&quot;
            &gt;
              &lt;label
                class=&quot;form-label&quot;
              &gt;
                Start Date:
                &lt;input
                  class=&quot;form-control&quot;
                  required=&quot;&quot;
                  type=&quot;datetime-local&quot;
                  value=&quot;2023-08-13T12:00&quot;
                /&gt;
              &lt;/label&gt;
            &lt;/div&gt;
            &lt;div
              class=&quot;d-flex gap-2&quot;
            &gt;
              &lt;button
                class=&quot;btn btn-success&quot;
                type=&quot;submit&quot;
              &gt;
                Create Todo
              &lt;/button&gt;
              &lt;button
                class=&quot;btn btn-secondary&quot;
                type=&quot;button&quot;
              &gt;
                Back
              &lt;/button&gt;
            &lt;/div&gt;
          &lt;/form&gt;
        &lt;/div&gt;
      &lt;/div&gt;
    &lt;/div&gt;
  &lt;/body&gt;
&lt;/html&gt;
    at C:\Learning\System Design\todo-solution\todo-frontend\src\test\TodoForm.test.js:81:28
    at runWithExpensiveErrorDiagnosticsDisabled (C:\Learning\System Design\todo-solution\todo-frontend\node_modules\@testing-library\dom\dist\config.js:47:12)
    at checkCallback (C:\Learning\System Design\todo-solution\todo-frontend\node_modules\@testing-library\dom\dist\wait-for.js:124:77)
    at checkRealTimersCallback (C:\Learning\System Design\todo-solution\todo-frontend\node_modules\@testing-library\dom\dist\wait-for.js:118:16)
    at Timeout.task [as _onTimeout] (C:\Learning\System Design\todo-solution\todo-frontend\node_modules\jsdom\lib\jsdom\browser\Window.js:516:19)
    at listOnTimeout (node:internal/timers:581:17)
    at processTimers (node:internal/timers:519:7)</failure>
    </testcase>
  </testsuite>
</testsuites>