<?xml version="1.0" encoding="UTF-8"?>
<<<<<<< Updated upstream
<testsuites name="jest tests" tests="22" failures="0" errors="0" time="5.277">
  <testsuite name="TodoForm" errors="0" failures="0" skipped="4" timestamp="2025-08-13T11:13:27" time="1.766" tests="4">
=======
<testsuites name="jest tests" tests="26" failures="0" errors="0" time="7.272">
  <testsuite name="TodoForm" errors="0" failures="0" skipped="4" timestamp="2025-08-13T11:25:54" time="1.791" tests="4">
>>>>>>> Stashed changes
    <testcase classname="TodoForm renders the Create Todo form" name="TodoForm renders the Create Todo form" time="0">
      <skipped/>
    </testcase>
    <testcase classname="TodoForm shows pending approval message if user.status is PENDING" name="TodoForm shows pending approval message if user.status is PENDING" time="0">
      <skipped/>
    </testcase>
    <testcase classname="TodoForm calls navigate(&apos;/&apos;) when Back button is clicked" name="TodoForm calls navigate(&apos;/&apos;) when Back button is clicked" time="0">
      <skipped/>
    </testcase>
    <testcase classname="TodoForm submits form, calls axios.post and navigates to /" name="TodoForm submits form, calls axios.post and navigates to /" time="0">
      <skipped/>
    </testcase>
  </testsuite>
<<<<<<< Updated upstream
  <testsuite name="AdminPanel" errors="0" failures="0" skipped="1" timestamp="2025-08-13T11:13:27" time="1.793" tests="4">
    <testcase classname="AdminPanel renders and shows no users pending approval" name="AdminPanel renders and shows no users pending approval" time="0.066">
    </testcase>
    <testcase classname="AdminPanel renders a list of pending users with approve buttons" name="AdminPanel renders a list of pending users with approve buttons" time="0.022">
=======
  <testsuite name="AdminPanel" errors="0" failures="0" skipped="1" timestamp="2025-08-13T11:25:54" time="1.9" tests="4">
    <testcase classname="AdminPanel renders and shows no users pending approval" name="AdminPanel renders and shows no users pending approval" time="0.064">
    </testcase>
    <testcase classname="AdminPanel renders a list of pending users with approve buttons" name="AdminPanel renders a list of pending users with approve buttons" time="0.027">
>>>>>>> Stashed changes
    </testcase>
    <testcase classname="AdminPanel shows loading while fetching" name="AdminPanel shows loading while fetching" time="0.024">
    </testcase>
    <testcase classname="AdminPanel approves user and removes from list" name="AdminPanel approves user and removes from list" time="0">
      <skipped/>
    </testcase>
  </testsuite>
<<<<<<< Updated upstream
  <testsuite name="TodoList" errors="0" failures="0" skipped="2" timestamp="2025-08-13T11:13:27" time="1.863" tests="4">
    <testcase classname="TodoList renders the Todo List table and todos" name="TodoList renders the Todo List table and todos" time="0">
      <skipped/>
    </testcase>
    <testcase classname="TodoList shows Create New Todo button when user exists" name="TodoList shows Create New Todo button when user exists" time="0.115">
    </testcase>
    <testcase classname="TodoList shows pending approval message for PENDING user" name="TodoList shows pending approval message for PENDING user" time="0.01">
=======
  <testsuite name="TodoList" errors="0" failures="0" skipped="2" timestamp="2025-08-13T11:25:54" time="1.987" tests="4">
    <testcase classname="TodoList renders the Todo List table and todos" name="TodoList renders the Todo List table and todos" time="0">
      <skipped/>
    </testcase>
    <testcase classname="TodoList shows Create New Todo button when user exists" name="TodoList shows Create New Todo button when user exists" time="0.114">
    </testcase>
    <testcase classname="TodoList shows pending approval message for PENDING user" name="TodoList shows pending approval message for PENDING user" time="0.019">
>>>>>>> Stashed changes
    </testcase>
    <testcase classname="TodoList renders empty table if no todos" name="TodoList renders empty table if no todos" time="0">
      <skipped/>
    </testcase>
  </testsuite>
<<<<<<< Updated upstream
  <testsuite name="ForgotPassword" errors="0" failures="0" skipped="0" timestamp="2025-08-13T11:13:27" time="1.94" tests="7">
    <testcase classname="ForgotPassword renders form fields and back button" name="ForgotPassword renders form fields and back button" time="0.071">
    </testcase>
    <testcase classname="ForgotPassword shows error when required fields missing" name="ForgotPassword shows error when required fields missing" time="0.024">
    </testcase>
    <testcase classname="ForgotPassword shows error if passwords do not match" name="ForgotPassword shows error if passwords do not match" time="0.026">
    </testcase>
    <testcase classname="ForgotPassword shows message after successful password reset and calls switchToLogin after delay" name="ForgotPassword shows message after successful password reset and calls switchToLogin after delay" time="0.038">
    </testcase>
    <testcase classname="ForgotPassword shows error if server returns !ok" name="ForgotPassword shows error if server returns !ok" time="0.031">
    </testcase>
    <testcase classname="ForgotPassword shows error on network/server failure" name="ForgotPassword shows error on network/server failure" time="0.02">
=======
  <testsuite name="ForgotPassword" errors="0" failures="0" skipped="0" timestamp="2025-08-13T11:25:54" time="2.068" tests="7">
    <testcase classname="ForgotPassword renders form fields and back button" name="ForgotPassword renders form fields and back button" time="0.082">
    </testcase>
    <testcase classname="ForgotPassword shows error when required fields missing" name="ForgotPassword shows error when required fields missing" time="0.023">
    </testcase>
    <testcase classname="ForgotPassword shows error if passwords do not match" name="ForgotPassword shows error if passwords do not match" time="0.018">
    </testcase>
    <testcase classname="ForgotPassword shows message after successful password reset and calls switchToLogin after delay" name="ForgotPassword shows message after successful password reset and calls switchToLogin after delay" time="0.037">
    </testcase>
    <testcase classname="ForgotPassword shows error if server returns !ok" name="ForgotPassword shows error if server returns !ok" time="0.043">
    </testcase>
    <testcase classname="ForgotPassword shows error on network/server failure" name="ForgotPassword shows error on network/server failure" time="0.027">
>>>>>>> Stashed changes
    </testcase>
    <testcase classname="ForgotPassword calls switchToLogin when Back to Login clicked" name="ForgotPassword calls switchToLogin when Back to Login clicked" time="0.016">
    </testcase>
  </testsuite>
<<<<<<< Updated upstream
  <testsuite name="Login Component" errors="0" failures="0" skipped="0" timestamp="2025-08-13T11:13:27" time="1.978" tests="3">
    <testcase classname="Login Component renders username and password inputs and login button" name="Login Component renders username and password inputs and login button" time="0.16">
    </testcase>
    <testcase classname="Login Component calls onLogin with a token when valid credentials are entered" name="Login Component calls onLogin with a token when valid credentials are entered" time="0.059">
    </testcase>
    <testcase classname="Login Component shows error with invalid credentials" name="Login Component shows error with invalid credentials" time="0.053">
=======
  <testsuite name="Login Component" errors="0" failures="0" skipped="0" timestamp="2025-08-13T11:25:54" time="2.089" tests="3">
    <testcase classname="Login Component renders username and password inputs and login button" name="Login Component renders username and password inputs and login button" time="0.147">
    </testcase>
    <testcase classname="Login Component calls onLogin with a token when valid credentials are entered" name="Login Component calls onLogin with a token when valid credentials are entered" time="0.067">
    </testcase>
    <testcase classname="Login Component shows error with invalid credentials" name="Login Component shows error with invalid credentials" time="0.101">
    </testcase>
  </testsuite>
  <testsuite name="unit" errors="0" failures="0" skipped="1" timestamp="2025-08-13T11:25:54" time="3.166" tests="4">
    <testcase classname="unit AdminPanel renders and shows no users pending approval" name="unit AdminPanel renders and shows no users pending approval" time="0.048">
    </testcase>
    <testcase classname="unit AdminPanel renders a list of pending users with approve buttons" name="unit AdminPanel renders a list of pending users with approve buttons" time="0.033">
    </testcase>
    <testcase classname="unit AdminPanel shows loading while fetching" name="unit AdminPanel shows loading while fetching" time="0.032">
    </testcase>
    <testcase classname="unit AdminPanel approves user and removes from list" name="unit AdminPanel approves user and removes from list" time="0">
      <skipped/>
>>>>>>> Stashed changes
    </testcase>
  </testsuite>
</testsuites>